<?xml version="1.0" encoding="UTF-8"?>
<!-- Generated by org.testng.reporters.JUnitXMLReporter -->
<testsuite ignored="0" hostname="LAPTOP-E8AE22MJ" failures="2" tests="6" name="Test" time="0.077" errors="0" timestamp="2023-06-17T10:11:02 IST">
  <testcase classname="genericLibraries.ListenersClass2" name="demoForListener5" time="0.008">
    <failure type="java.lang.AssertionError" message="expected [false] but found [true]">
      <![CDATA[java.lang.AssertionError: expected [false] but found [true]
at genericLibraries.ListenersClass2.demoForListener5(ListenersClass2.java:13)
at java.base/java.util.ArrayList.forEach(ArrayList.java:1511)
... Removed 33 stack frames]]>
    </failure>
  </testcase> <!-- demoForListener5 -->
  <testcase classname="genericLibraries.ListenersClass2" name="demoForListener6" time="0.001"/>
  <testcase classname="genericLibraries.ListenersClass1" name="demoForListener3" time="0.002"/>
  <testcase classname="genericLibraries.ListenersClass1" name="demoForListener4" time="0.002">
    <failure type="java.lang.AssertionError" message="expected [false] but found [true]">
      <![CDATA[java.lang.AssertionError: expected [false] but found [true]
at genericLibraries.ListenersClass1.demoForListener4(ListenersClass1.java:17)
at java.base/java.util.ArrayList.forEach(ArrayList.java:1511)
... Removed 33 stack frames]]>
    </failure>
  </testcase> <!-- demoForListener4 -->
  <testcase classname="genericLibraries.ListenersClass" name="demoForListener" time="0.002"/>
  <testcase classname="genericLibraries.ListenersClass" name="demoForListener2" time="0.002"/>
</testsuite> <!-- Test -->
