<?xml version="1.0" encoding="UTF-8"?>
<!-- Generated by org.testng.reporters.JUnitXMLReporter -->
<testsuite ignored="4" hostname="LAPTOP-E8AE22MJ" failures="0" tests="4" name="Test" time="23.848" errors="0" timestamp="2023-06-15T14:30:32 IST">
  <testcase classname="annitaction.AnnotactionClass" name="loginWithInValidCredintials" time="6.246"/>
  <testcase classname="annitaction.AnnotactionClass" name="loginWithValidCredintials" time="3.936"/>
  <testcase classname="annitaction.AnnotactionClass2" name="loginWithInValidCredintials4" time="5.891"/>
  <testcase classname="annitaction.AnnotactionClass2" name="loginWithValidCredintials3" time="4.39"/>
  <testcase classname="annitaction.baseClass" name="@BeforeTest beforeTest" time="0.0">
    <ignored/>
  </testcase> <!-- @BeforeTest beforeTest -->
  <testcase classname="annitaction.baseClass" name="@AfterTest AfterTest" time="0.0">
    <ignored/>
  </testcase> <!-- @AfterTest AfterTest -->
  <testcase classname="annitaction.baseClass" name="@AfterSuite AfterClass" time="0.0">
    <ignored/>
  </testcase> <!-- @AfterSuite AfterClass -->
  <testcase classname="annitaction.baseClass" name="@BeforeSuite beforeSuite" time="0.0">
    <ignored/>
  </testcase> <!-- @BeforeSuite beforeSuite -->
</testsuite> <!-- Test -->
