<?xml version="1.0" encoding="UTF-8"?>
<testng-results ignored="4" total="8" passed="4" failed="0" skipped="0">
  <reporter-output>
  </reporter-output>
  <suite started-at="2023-06-15T14:30:08 IST" name="Suite" finished-at="2023-06-15T14:30:32 IST" duration-ms="23848">
    <groups>
    </groups>
    <test started-at="2023-06-15T14:30:08 IST" name="Test" finished-at="2023-06-15T14:30:32 IST" duration-ms="23848">
      <class name="annitaction.AnnotactionClass">
        <test-method is-config="true" signature="beforeSuite()[pri:0, instance:annitaction.AnnotactionClass@1e04fa0a]" started-at="2023-06-15T14:30:08 IST" name="beforeSuite" finished-at="2023-06-15T14:30:08 IST" duration-ms="6" status="PASS">
          <reporter-output>
          </reporter-output>
        </test-method> <!-- beforeSuite -->
        <test-method is-config="true" signature="beforeTest()[pri:0, instance:annitaction.AnnotactionClass@1e04fa0a]" started-at="2023-06-15T14:30:08 IST" name="beforeTest" finished-at="2023-06-15T14:30:08 IST" duration-ms="0" status="PASS">
          <reporter-output>
          </reporter-output>
        </test-method> <!-- beforeTest -->
        <test-method is-config="true" signature="setUpTheBrowser()[pri:0, instance:annitaction.AnnotactionClass@1e04fa0a]" started-at="2023-06-15T14:30:08 IST" name="setUpTheBrowser" finished-at="2023-06-15T14:30:10 IST" duration-ms="2155" status="PASS">
          <reporter-output>
          </reporter-output>
        </test-method> <!-- setUpTheBrowser -->
        <test-method signature="loginWithInValidCredintials()[pri:0, instance:annitaction.AnnotactionClass@1e04fa0a]" started-at="2023-06-15T14:30:10 IST" name="loginWithInValidCredintials" finished-at="2023-06-15T14:30:16 IST" duration-ms="6246" status="PASS">
          <reporter-output>
          </reporter-output>
        </test-method> <!-- loginWithInValidCredintials -->
        <test-method signature="loginWithValidCredintials()[pri:0, instance:annitaction.AnnotactionClass@1e04fa0a]" started-at="2023-06-15T14:30:16 IST" name="loginWithValidCredintials" finished-at="2023-06-15T14:30:20 IST" duration-ms="3936" status="PASS">
          <reporter-output>
          </reporter-output>
        </test-method> <!-- loginWithValidCredintials -->
        <test-method is-config="true" signature="AfterTest()[pri:0, instance:annitaction.AnnotactionClass@1e04fa0a]" started-at="2023-06-15T14:30:32 IST" name="AfterTest" finished-at="2023-06-15T14:30:32 IST" duration-ms="0" status="PASS">
          <reporter-output>
          </reporter-output>
        </test-method> <!-- AfterTest -->
        <test-method is-config="true" signature="AfterClass()[pri:0, instance:annitaction.AnnotactionClass@1e04fa0a]" started-at="2023-06-15T14:30:32 IST" name="AfterClass" finished-at="2023-06-15T14:30:32 IST" duration-ms="0" status="PASS">
          <reporter-output>
          </reporter-output>
        </test-method> <!-- AfterClass -->
      </class> <!-- annitaction.AnnotactionClass -->
      <class name="annitaction.AnnotactionClass2">
        <test-method is-config="true" signature="setUpTheBrowser()[pri:0, instance:annitaction.AnnotactionClass2@25fb8912]" started-at="2023-06-15T14:30:20 IST" name="setUpTheBrowser" finished-at="2023-06-15T14:30:21 IST" duration-ms="1165" status="PASS">
          <reporter-output>
          </reporter-output>
        </test-method> <!-- setUpTheBrowser -->
        <test-method signature="loginWithInValidCredintials4()[pri:0, instance:annitaction.AnnotactionClass2@25fb8912]" started-at="2023-06-15T14:30:21 IST" name="loginWithInValidCredintials4" finished-at="2023-06-15T14:30:27 IST" duration-ms="5891" status="PASS">
          <reporter-output>
          </reporter-output>
        </test-method> <!-- loginWithInValidCredintials4 -->
        <test-method signature="loginWithValidCredintials3()[pri:0, instance:annitaction.AnnotactionClass2@25fb8912]" started-at="2023-06-15T14:30:27 IST" name="loginWithValidCredintials3" finished-at="2023-06-15T14:30:32 IST" duration-ms="4390" status="PASS">
          <reporter-output>
          </reporter-output>
        </test-method> <!-- loginWithValidCredintials3 -->
      </class> <!-- annitaction.AnnotactionClass2 -->
    </test> <!-- Test -->
  </suite> <!-- Suite -->
</testng-results>
