<?xml version="1.0" encoding="UTF-8"?>
<testng-results ignored="0" total="1" passed="1" failed="0" skipped="0">
  <reporter-output>
  </reporter-output>
  <suite started-at="2023-06-08T11:03:08 IST" name="Suite" finished-at="2023-06-08T11:03:23 IST" duration-ms="15031">
    <groups>
    </groups>
    <test started-at="2023-06-08T11:03:08 IST" name="Test" finished-at="2023-06-08T11:03:23 IST" duration-ms="15031">
      <class name="xmlParametrization.xmlParametarization">
        <test-method signature="SwiggyTest(org.testng.xml.XmlTest)[pri:0, instance:xmlParametrization.xmlParametarization@193f604a]" started-at="2023-06-08T11:03:08 IST" name="SwiggyTest" finished-at="2023-06-08T11:03:23 IST" duration-ms="14993" status="PASS">
          <params>
            <param index="0">
              <value>
                <![CDATA[org.testng.xml.XmlTest@ed2de49c]]>
              </value>
            </param>
          </params>
          <reporter-output>
          </reporter-output>
        </test-method> <!-- SwiggyTest -->
      </class> <!-- xmlParametrization.xmlParametarization -->
    </test> <!-- Test -->
  </suite> <!-- Suite -->
</testng-results>
